<?xml version="1.0" encoding="UTF-8" ?>
<testsuite tests="1" failures="0" name="rogerTesting.RunCucumberTest" time="0.067" errors="0" skipped="1">
  <properties>
[...]
</properties>
  <testcase classname="cucumber testing automation-Replication PreCheck" name="cucumber testing automation-Replication PreCheck" time="0.067">
    <skipped/>
    <system-out>
@TEST_AE-108
Scenario: cucumber testing automation-Replication PreCheck &amp;#27;[90m# rogerTesting/1_AE-108.feature:5&amp;#27;[0m
  &amp;#27;[33mGiven &amp;#27;[0m&amp;#27;[33mworkspace is prepped&amp;#27;[0m                               &amp;#27;[90m# null&amp;#27;[0m
  &amp;#27;[33mWhen &amp;#27;[0m&amp;#27;[33mMaster and Slave are on same number&amp;#27;[0m                 &amp;#27;[90m# null&amp;#27;[0m
  &amp;#27;[33mThen &amp;#27;[0m&amp;#27;[33mreplication is complete&amp;#27;[0m                             &amp;#27;[90m# null&amp;#27;[0m
</system-out>
    <system-err>Jan 23, 2020 9:40:00 AM io.cucumber.junit.Cucumber &lt;init&gt;
WARNING: By default Cucumber is running in --non-strict mode.
This default will change to --strict and --non-strict will be removed.
You can use --strict or @CucumberOptions(strict = true) to suppress this warning
</system-err>
  </testcase>
</testsuite>